Build started 19/02/2014 14:16:15.
     1>Project "C:\Users\Ben\Dropbox\Train2Game\Portfolios\Portfolio 1\Project 2\Maze Runner\Maze Runner\Maze Runner\Maze Runner.vcxproj" on node 2 (Build target(s)).
     1>ClCompile:
         C:\Program Files (x86)\Microsoft Visual Studio 12.0\VC\bin\CL.exe /c /I"C:\dev\SDL2-2.0.1\include" /ZI /nologo /W3 /WX- /sdl /Od /Oy- /D WIN32 /D _DEBUG /D _CONSOLE /D _LIB /D _UNICODE /D UNICODE /Gm /EHsc /RTC1 /MDd /GS /fp:precise /Zc:wchar_t /Zc:forScope /Fo"Debug\\" /Fd"Debug\vc120.pdb" /Gd /TP /analyze- /errorReport:prompt /FS ..\MazeRunner.cpp ..\Pathfinder.cpp
         Pathfinder.cpp
     1>c:\users\ben\dropbox\train2game\portfolios\portfolio 1\project 2\maze runner\maze runner\pathfinder.cpp(378): error C2679: binary '==' : no operator found which takes a right-hand operand of type 'std::vector<cCell,std::allocator<_Ty>>' (or there is no acceptable conversion)
                 with
                 [
                     _Ty=cCell
                 ]
                 c:\program files (x86)\microsoft visual studio 12.0\vc\include\system_error(410): could be 'bool std::operator ==(const std::error_condition &,const std::error_code &) throw()'
                 c:\program files (x86)\microsoft visual studio 12.0\vc\include\system_error(402): or       'bool std::operator ==(const std::error_code &,const std::error_condition &) throw()'
                 c:\program files (x86)\microsoft visual studio 12.0\vc\include\exception(507): or       'bool std::operator ==(const std::exception_ptr &,std::nullptr_t)'
                 c:\program files (x86)\microsoft visual studio 12.0\vc\include\exception(502): or       'bool std::operator ==(std::nullptr_t,const std::exception_ptr &)'
                 c:\program files (x86)\microsoft visual studio 12.0\vc\include\exception(497): or       'bool std::operator ==(const std::exception_ptr &,const std::exception_ptr &)'
                 while trying to match the argument list '(int, std::vector<cCell,std::allocator<_Ty>>)'
                 with
                 [
                     _Ty=cCell
                 ]
     1>c:\users\ben\dropbox\train2game\portfolios\portfolio 1\project 2\maze runner\maze runner\pathfinder.cpp(378): fatal error C1903: unable to recover from previous error(s); stopping compilation
         Generating Code...
         Compiling...
         MazeRunner.cpp
     1>c:\users\ben\dropbox\train2game\portfolios\portfolio 1\project 2\maze runner\maze runner\movement.h(26): warning C4800: 'int' : forcing value to bool 'true' or 'false' (performance warning)
     1>c:\users\ben\dropbox\train2game\portfolios\portfolio 1\project 2\maze runner\maze runner\movement.h(38): warning C4800: 'int' : forcing value to bool 'true' or 'false' (performance warning)
     1>c:\users\ben\dropbox\train2game\portfolios\portfolio 1\project 2\maze runner\maze runner\movement.h(49): warning C4800: 'int' : forcing value to bool 'true' or 'false' (performance warning)
     1>c:\users\ben\dropbox\train2game\portfolios\portfolio 1\project 2\maze runner\maze runner\movement.h(60): warning C4800: 'int' : forcing value to bool 'true' or 'false' (performance warning)
     1>c:\users\ben\dropbox\train2game\portfolios\portfolio 1\project 2\maze runner\maze runner\mazerunner.cpp(47): warning C4244: 'initializing' : conversion from 'int' to 'float', possible loss of data
     1>c:\users\ben\dropbox\train2game\portfolios\portfolio 1\project 2\maze runner\maze runner\mazerunner.cpp(48): warning C4244: 'initializing' : conversion from 'int' to 'float', possible loss of data
     1>c:\users\ben\dropbox\train2game\portfolios\portfolio 1\project 2\maze runner\maze runner\mazerunner.cpp(52): warning C4244: 'initializing' : conversion from 'int' to 'float', possible loss of data
     1>c:\users\ben\dropbox\train2game\portfolios\portfolio 1\project 2\maze runner\maze runner\mazerunner.cpp(53): warning C4244: 'initializing' : conversion from 'int' to 'float', possible loss of data
     1>c:\users\ben\dropbox\train2game\portfolios\portfolio 1\project 2\maze runner\maze runner\mazerunner.cpp(57): warning C4244: 'initializing' : conversion from 'int' to 'float', possible loss of data
     1>c:\users\ben\dropbox\train2game\portfolios\portfolio 1\project 2\maze runner\maze runner\mazerunner.cpp(58): warning C4244: 'initializing' : conversion from 'int' to 'float', possible loss of data
     1>c:\users\ben\dropbox\train2game\portfolios\portfolio 1\project 2\maze runner\maze runner\mazerunner.cpp(62): warning C4244: '=' : conversion from 'Uint32' to 'float', possible loss of data
     1>c:\users\ben\dropbox\train2game\portfolios\portfolio 1\project 2\maze runner\maze runner\mazerunner.cpp(129): warning C4244: 'initializing' : conversion from 'Uint32' to 'float', possible loss of data
     1>c:\users\ben\dropbox\train2game\portfolios\portfolio 1\project 2\maze runner\maze runner\mazerunner.cpp(143): warning C4244: '=' : conversion from 'int' to 'float', possible loss of data
     1>c:\users\ben\dropbox\train2game\portfolios\portfolio 1\project 2\maze runner\maze runner\mazerunner.cpp(147): warning C4244: '=' : conversion from 'int' to 'float', possible loss of data
     1>c:\users\ben\dropbox\train2game\portfolios\portfolio 1\project 2\maze runner\maze runner\mazerunner.cpp(239): warning C4244: '=' : conversion from 'float' to 'int', possible loss of data
     1>c:\users\ben\dropbox\train2game\portfolios\portfolio 1\project 2\maze runner\maze runner\mazerunner.cpp(240): warning C4244: '=' : conversion from 'float' to 'int', possible loss of data
     1>c:\users\ben\dropbox\train2game\portfolios\portfolio 1\project 2\maze runner\maze runner\mazerunner.cpp(241): warning C4244: '=' : conversion from 'float' to 'int', possible loss of data
     1>c:\users\ben\dropbox\train2game\portfolios\portfolio 1\project 2\maze runner\maze runner\mazerunner.cpp(242): warning C4244: '=' : conversion from 'float' to 'int', possible loss of data
         Generating Code...
     1>Done Building Project "C:\Users\Ben\Dropbox\Train2Game\Portfolios\Portfolio 1\Project 2\Maze Runner\Maze Runner\Maze Runner\Maze Runner.vcxproj" (Build target(s)) -- FAILED.

Build FAILED.

Time Elapsed 00:00:02.01
